<html xmlns:string="xalan://java.lang.String" xmlns:lxslt="http://xml.apache.org/xslt">
    <head>
        <META http-equiv="Content-Type" content="text/html; charset=UTF-8">
        <title>Unit Test Results: All Failures</title>
        <link rel="stylesheet" type="text/css" title="Style" href="stylesheet.css">
    </head>
    <body onload="open('allclasses-frame.html','classListFrame')">
        <h1>Unit Test Results.</h1>
        <table width="100%">
            <tr>
                <td align="left"></td><td align="right">Designed for use with <a href="http://www.junit.org/">JUnit</a> and <a href="http://ant.apache.org/">Ant</a>.</td>
            </tr>
        </table>
        <hr size="1">
        <h2>All Failures</h2>
        <table class="details" border="0" cellpadding="5" cellspacing="2" width="95%">
            <tr valign="top">
                <th>Class</th><th>Name</th><th>Status</th><th width="80%">Type</th><th nowrap>Time(s)</th>
            </tr>
            <tr valign="top" class="Failure">
                <td><a href="concerttours/facades/impl/5_DefaultBandFacadeIntegrationWithPropertiesTest.html">DefaultBandFacadeIntegrationWithPropertiesTest</a></td><td><a name="testProperties"></a><a href="concerttours/facades/impl/5_DefaultBandFacadeIntegrationWithPropertiesTest.html#testProperties">testProperties</a></td><td>Failure</td><td>Given file /impex/withlocalization/concerttours-yBandTour.impex can not be found in classpath
                    <br>
                    <br>
                    <code>junit.framework.AssertionFailedError: Given file /impex/withlocalization/concerttours-yBandTour.impex can not be found in classpath
                        <br>
                        	at de.hybris.ant.taskdefs.yunit.JUnitTestRunner$3.addError(JUnitTestRunner.java:1409)
                        <br>
                        	at de.hybris.platform.testframework.ChainingRunNotifierWrapper.fireTestFailure(ChainingRunNotifierWrapper.java:152)
                        <br>
                        	at de.hybris.platform.testframework.HybrisJUnit4ClassRunner$TenantActivationNotAllowedRunBefores.evaluate(HybrisJUnit4ClassRunner.java:161)
                        <br>
                        	at de.hybris.platform.testframework.HybrisJUnit4ClassRunner.superRun(HybrisJUnit4ClassRunner.java:113)
                        <br>
                        	at de.hybris.platform.testframework.HybrisTestClassRunnerLogic.run(HybrisTestClassRunnerLogic.java:113)
                        <br>
                        	at de.hybris.platform.testframework.HybrisJUnit4ClassRunner.run(HybrisJUnit4ClassRunner.java:65)
                        <br>
                        	at de.hybris.ant.taskdefs.yunit.JUnitTestRunner.run(JUnitTestRunner.java:600)
                        <br>
                        	at de.hybris.ant.taskdefs.yunit.JUnitTestRunner.launch(JUnitTestRunner.java:1325)
                        <br>
                        	at de.hybris.ant.taskdefs.yunit.JUnitTestRunner.main(JUnitTestRunner.java:1115)
                        <br>
                        	at de.hybris.platform.servicelayer.ServicelayerTestLogic.importCsv(ServicelayerTestLogic.java:235)
                        <br>
                        	at de.hybris.platform.servicelayer.ServicelayerTest.importCsv(ServicelayerTest.java:107)
                        <br>
                        	at concerttours.facades.impl.DefaultBandFacadeIntegrationWithPropertiesTest.testProperties(DefaultBandFacadeIntegrationWithPropertiesTest.java:42)
                        <br>
                        	at java.base/jdk.internal.reflect.NativeMethodAccessorImpl.invoke0(Native Method)
                        <br>
                        	at java.base/jdk.internal.reflect.NativeMethodAccessorImpl.invoke(NativeMethodAccessorImpl.java:62)
                        <br>
                        	at java.base/jdk.internal.reflect.DelegatingMethodAccessorImpl.invoke(DelegatingMethodAccessorImpl.java:43)
                        <br>
                    </code></td><td>5.948</td>
            </tr>
            <tr valign="top" class="Failure">
                <td><a href="concerttours/jobs/7_SendNewsJobIntegrationTest.html">SendNewsJobIntegrationTest</a></td><td><a name="testSendingNews"></a><a href="concerttours/jobs/7_SendNewsJobIntegrationTest.html#testSendingNews">testSendingNews</a></td><td>Failure</td><td>Job did not perform correctly expected:&lt;SUCCESS&gt; but was:&lt;FAILURE&gt;
                    <br>
                    <br>
                    <code>junit.framework.AssertionFailedError: Job did not perform correctly expected:&lt;SUCCESS&gt; but was:&lt;FAILURE&gt;
                        <br>
                        	at de.hybris.ant.taskdefs.yunit.JUnitTestRunner$3.addError(JUnitTestRunner.java:1409)
                        <br>
                        	at de.hybris.platform.testframework.ChainingRunNotifierWrapper.fireTestFailure(ChainingRunNotifierWrapper.java:152)
                        <br>
                        	at de.hybris.platform.testframework.HybrisJUnit4ClassRunner$TenantActivationNotAllowedRunBefores.evaluate(HybrisJUnit4ClassRunner.java:161)
                        <br>
                        	at de.hybris.platform.testframework.HybrisJUnit4ClassRunner.superRun(HybrisJUnit4ClassRunner.java:113)
                        <br>
                        	at de.hybris.platform.testframework.HybrisTestClassRunnerLogic.run(HybrisTestClassRunnerLogic.java:113)
                        <br>
                        	at de.hybris.platform.testframework.HybrisJUnit4ClassRunner.run(HybrisJUnit4ClassRunner.java:65)
                        <br>
                        	at de.hybris.ant.taskdefs.yunit.JUnitTestRunner.run(JUnitTestRunner.java:600)
                        <br>
                        	at de.hybris.ant.taskdefs.yunit.JUnitTestRunner.launch(JUnitTestRunner.java:1325)
                        <br>
                        	at de.hybris.ant.taskdefs.yunit.JUnitTestRunner.main(JUnitTestRunner.java:1115)
                        <br>
                        	at concerttours.jobs.SendNewsJobIntegrationTest.testSendingNews(SendNewsJobIntegrationTest.java:58)
                        <br>
                        	at java.base/jdk.internal.reflect.NativeMethodAccessorImpl.invoke0(Native Method)
                        <br>
                        	at java.base/jdk.internal.reflect.NativeMethodAccessorImpl.invoke(NativeMethodAccessorImpl.java:62)
                        <br>
                        	at java.base/jdk.internal.reflect.DelegatingMethodAccessorImpl.invoke(DelegatingMethodAccessorImpl.java:43)
                        <br>
                    </code></td><td>62.485</td>
            </tr>
            <tr valign="top" class="Failure">
                <td><a href="concerttours/service/impl/8_DefaultBandServiceIntegrationTest.html">DefaultBandServiceIntegrationTest</a></td><td><a name="testBandServiceTours"></a><a href="concerttours/service/impl/8_DefaultBandServiceIntegrationTest.html#testBandServiceTours">testBandServiceTours</a></td><td>Failure</td><td>Import has 7+unresolved lines, first lines are:

INSERT_UPDATE Band;code[unique=true];name;albumSales;image(qualifier)
,,,,Exception : line 39: cannot create Band with values ItemAttributeMap[ registry:  null, type: &lt;null&gt;, data: {code=A001, image=8796126019634, name=yRock, albumsales=1000000} ] due to [de.hybris.platform.validation.interceptors.ValidationInterceptor@6ab2bfa]: unexpected validator error: Can't find resource for bundle de.hybris.platform.servicelayer.i18n.impl.CompositeResourceBundle, key concerttours.constraints.NotLoremIpsum.message, Exception : line 3: cannot create Band with values ItemAttributeMap[ registry:  null, type: &lt;null&gt;, data: {code=A001, image=8796126019634, name=yRock, albumsales=1000000} ] due to [de.hybris.platform.validation.interceptors.ValidationInterceptor@6ab2bfa]: unexpected validator error: Can't find resource for bundle de.hybris.platform.servicelayer.i18n.impl.CompositeResourceBundle, key concerttours.constraints.NotLoremIpsum.message;A001;yRock;1000000;yRockImage

                    <br>
                    <br>
                    <code>junit.framework.AssertionFailedError: Import has 7+unresolved lines, first lines are:
                        <br>
                        <br>
                        INSERT_UPDATE Band;code[unique=true];name;albumSales;image(qualifier)
                        <br>
                        ,,,,Exception : line 39: cannot create Band with values ItemAttributeMap[ registry:  null, type: &lt;null&gt;, data: {code=A001, image=8796126019634, name=yRock, albumsales=1000000} ] due to [de.hybris.platform.validation.interceptors.ValidationInterceptor@6ab2bfa]: unexpected validator error: Can't find resource for bundle de.hybris.platform.servicelayer.i18n.impl.CompositeResourceBundle, key concerttours.constraints.NotLoremIpsum.message, Exception : line 3: cannot create Band with values ItemAttributeMap[ registry:  null, type: &lt;null&gt;, data: {code=A001, image=8796126019634, name=yRock, albumsales=1000000} ] due to [de.hybris.platform.validation.interceptors.ValidationInterceptor@6ab2bfa]: unexpected validator error: Can't find resource for bundle de.hybris.platform.servicelayer.i18n.impl.CompositeResourceBundle, key concerttours.constraints.NotLoremIpsum.message;A001;yRock;1000000;yRockImage
                        <br>
                        <br>
                        	at de.hybris.ant.taskdefs.yunit.JUnitTestRunner$3.addError(JUnitTestRunner.java:1409)
                        <br>
                        	at de.hybris.platform.testframework.ChainingRunNotifierWrapper.fireTestFailure(ChainingRunNotifierWrapper.java:152)
                        <br>
                        	at de.hybris.platform.testframework.HybrisJUnit4ClassRunner$TenantActivationNotAllowedRunBefores.evaluate(HybrisJUnit4ClassRunner.java:161)
                        <br>
                        	at de.hybris.platform.testframework.HybrisJUnit4ClassRunner.superRun(HybrisJUnit4ClassRunner.java:113)
                        <br>
                        	at de.hybris.platform.testframework.HybrisTestClassRunnerLogic.run(HybrisTestClassRunnerLogic.java:113)
                        <br>
                        	at de.hybris.platform.testframework.HybrisJUnit4ClassRunner.run(HybrisJUnit4ClassRunner.java:65)
                        <br>
                        	at de.hybris.ant.taskdefs.yunit.JUnitTestRunner.run(JUnitTestRunner.java:600)
                        <br>
                        	at de.hybris.ant.taskdefs.yunit.JUnitTestRunner.launch(JUnitTestRunner.java:1325)
                        <br>
                        	at de.hybris.ant.taskdefs.yunit.JUnitTestRunner.main(JUnitTestRunner.java:1115)
                        <br>
                        <br>
                        INSERT_UPDATE Band;code[unique=true];name;albumSales;image(qualifier)
                        <br>
                        ,,,,Exception : line 39: cannot create Band with values ItemAttributeMap[ registry:  null, type: &lt;null&gt;, data: {code=A001, image=8796126019634, name=yRock, albumsales=1000000} ] due to [de.hybris.platform.validation.interceptors.ValidationInterceptor@6ab2bfa]: unexpected validator error: Can't find resource for bundle de.hybris.platform.servicelayer.i18n.impl.CompositeResourceBundle, key concerttours.constraints.NotLoremIpsum.message, Exception : line 3: cannot create Band with values ItemAttributeMap[ registry:  null, type: &lt;null&gt;, data: {code=A001, image=8796126019634, name=yRock, albumsales=1000000} ] due to [de.hybris.platform.validation.interceptors.ValidationInterceptor@6ab2bfa]: unexpected validator error: Can't find resource for bundle de.hybris.platform.servicelayer.i18n.impl.CompositeResourceBundle, key concerttours.constraints.NotLoremIpsum.message;A001;yRock;1000000;yRockImage
                        <br>
                        <br>
                        	at de.hybris.platform.servicelayer.ServicelayerTestLogic.importStream(ServicelayerTestLogic.java:289)
                        <br>
                        	at de.hybris.platform.servicelayer.ServicelayerTestLogic.importStream(ServicelayerTestLogic.java:243)
                        <br>
                        	at de.hybris.platform.servicelayer.ServicelayerTestLogic.importCsv(ServicelayerTestLogic.java:237)
                        <br>
                        	at de.hybris.platform.servicelayer.ServicelayerTest.importCsv(ServicelayerTest.java:107)
                        <br>
                        	at concerttours.service.impl.DefaultBandServiceIntegrationTest.testBandServiceTours(DefaultBandServiceIntegrationTest.java:88)
                        <br>
                        	at java.base/jdk.internal.reflect.NativeMethodAccessorImpl.invoke0(Native Method)
                        <br>
                        	at java.base/jdk.internal.reflect.NativeMethodAccessorImpl.invoke(NativeMethodAccessorImpl.java:62)
                        <br>
                        	at java.base/jdk.internal.reflect.DelegatingMethodAccessorImpl.invoke(DelegatingMethodAccessorImpl.java:43)
                        <br>
                    </code></td><td>4.448</td>
            </tr>
        </table>
    </body>
</html>
